'2019-11-25 22:56:40,045 - [testcases.py-->line:38] - INFO: 测试用例:正常登录-->>执行已通过'
'2019-11-25 22:56:40,087 - [testcases.py-->line:38] - INFO: 测试用例:用户名为空-->>执行已通过'
'2019-11-25 22:56:40,127 - [testcases.py-->line:38] - INFO: 测试用例:密码为空-->>执行已通过'
'2019-11-25 22:56:40,249 - [testcases.py-->line:38] - INFO: 测试用例:用户名错误-->>执行已通过'
'2019-11-25 22:56:40,291 - [testcases.py-->line:38] - INFO: 测试用例:密码错误-->>执行已通过'
'2019-11-25 22:56:40,332 - [testcases.py-->line:63] - INFO: 测试用例:注册成功-->>执行已通过'
'2019-11-25 22:56:40,373 - [testcases.py-->line:63] - INFO: 测试用例:用户名为空-->>执行已通过'
'2019-11-25 22:56:40,414 - [testcases.py-->line:63] - INFO: 测试用例:密码为空-->>执行已通过'
'2019-11-25 22:56:40,455 - [testcases.py-->line:63] - INFO: 测试用例:两次密码不一致-->>执行已通过'
'2019-11-25 22:56:40,499 - [testcases.py-->line:63] - INFO: 测试用例:账户已存在-->>执行已通过'
'2019-11-25 22:56:40,543 - [testcases.py-->line:63] - INFO: 测试用例:密码小于6位-->>执行已通过'
'2019-11-25 22:56:40,585 - [testcases.py-->line:63] - INFO: 测试用例:密码大于18位-->>执行已通过'
'2019-11-25 22:56:40,626 - [testcases.py-->line:63] - INFO: 测试用例:用户名小于6位-->>执行已通过'
'2019-11-25 22:56:40,679 - [testcases.py-->line:58] - INFO: 测试用例:用户名大于18位-->>执行未通过'
'2019-11-25 22:56:40,679 - [testcases.py-->line:59] - ERROR: {'code': 0, 'msg': '账号和密码必须在6-18位之间'} != {'code': 1, 'msg': '注册成功'}
- {'code': 0, 'msg': '账号和密码必须在6-18位之间'}
+ {'code': 1, 'msg': '注册成功'}'
'2019-11-25 23:03:52,933 - [testcases.py-->line:38] - INFO: 测试用例:正常登录-->>执行已通过'
'2019-11-25 23:03:52,978 - [testcases.py-->line:38] - INFO: 测试用例:用户名为空-->>执行已通过'
'2019-11-25 23:03:53,018 - [testcases.py-->line:38] - INFO: 测试用例:密码为空-->>执行已通过'
'2019-11-25 23:03:53,059 - [testcases.py-->line:38] - INFO: 测试用例:用户名错误-->>执行已通过'
'2019-11-25 23:03:53,101 - [testcases.py-->line:38] - INFO: 测试用例:密码错误-->>执行已通过'
'2019-11-25 23:03:53,144 - [testcases.py-->line:63] - INFO: 测试用例:注册成功-->>执行已通过'
'2019-11-25 23:03:53,187 - [testcases.py-->line:63] - INFO: 测试用例:用户名为空-->>执行已通过'
'2019-11-25 23:03:53,228 - [testcases.py-->line:63] - INFO: 测试用例:密码为空-->>执行已通过'
'2019-11-25 23:03:53,269 - [testcases.py-->line:63] - INFO: 测试用例:两次密码不一致-->>执行已通过'
'2019-11-25 23:03:53,311 - [testcases.py-->line:63] - INFO: 测试用例:账户已存在-->>执行已通过'
'2019-11-25 23:03:53,358 - [testcases.py-->line:63] - INFO: 测试用例:密码小于6位-->>执行已通过'
'2019-11-25 23:03:53,403 - [testcases.py-->line:63] - INFO: 测试用例:密码大于18位-->>执行已通过'
'2019-11-25 23:03:53,455 - [testcases.py-->line:63] - INFO: 测试用例:用户名小于6位-->>执行已通过'
'2019-11-25 23:03:53,509 - [testcases.py-->line:58] - INFO: 测试用例:用户名大于18位-->>执行未通过'
'2019-11-25 23:03:53,509 - [testcases.py-->line:59] - ERROR: {'code': 0, 'msg': '账号和密码必须在6-18位之间'} != {'code': 1, 'msg': '注册成功'}
- {'code': 0, 'msg': '账号和密码必须在6-18位之间'}
+ {'code': 1, 'msg': '注册成功'}'
'2019-11-26 12:18:00,582 - [testcases.py-->line:38] - INFO: 测试用例:正常登录-->>执行已通过'
'2019-11-26 12:18:00,639 - [testcases.py-->line:38] - INFO: 测试用例:用户名为空-->>执行已通过'
'2019-11-26 12:18:00,689 - [testcases.py-->line:38] - INFO: 测试用例:密码为空-->>执行已通过'
'2019-11-26 12:18:00,732 - [testcases.py-->line:38] - INFO: 测试用例:用户名错误-->>执行已通过'
'2019-11-26 12:18:00,776 - [testcases.py-->line:38] - INFO: 测试用例:密码错误-->>执行已通过'
'2019-11-26 12:18:00,818 - [testcases.py-->line:63] - INFO: 测试用例:注册成功-->>执行已通过'
'2019-11-26 12:18:00,862 - [testcases.py-->line:63] - INFO: 测试用例:用户名为空-->>执行已通过'
'2019-11-26 12:18:00,906 - [testcases.py-->line:63] - INFO: 测试用例:密码为空-->>执行已通过'
'2019-11-26 12:18:00,962 - [testcases.py-->line:63] - INFO: 测试用例:两次密码不一致-->>执行已通过'
'2019-11-26 12:18:01,033 - [testcases.py-->line:63] - INFO: 测试用例:账户已存在-->>执行已通过'
'2019-11-26 12:18:01,079 - [testcases.py-->line:63] - INFO: 测试用例:密码小于6位-->>执行已通过'
'2019-11-26 12:18:01,164 - [testcases.py-->line:63] - INFO: 测试用例:密码大于18位-->>执行已通过'
'2019-11-26 12:18:01,233 - [testcases.py-->line:63] - INFO: 测试用例:用户名小于6位-->>执行已通过'
'2019-11-26 12:18:01,339 - [testcases.py-->line:58] - INFO: 测试用例:用户名大于18位-->>执行未通过'
'2019-11-26 12:18:01,340 - [testcases.py-->line:59] - ERROR: {'code': 0, 'msg': '账号和密码必须在6-18位之间'} != {'code': 1, 'msg': '注册成功'}
- {'code': 0, 'msg': '账号和密码必须在6-18位之间'}
+ {'code': 1, 'msg': '注册成功'}'
'2019-11-26 12:26:32,340 - [testcases.py-->line:38] - INFO: 测试用例:正常登录-->>执行已通过'
'2019-11-26 12:26:32,387 - [testcases.py-->line:38] - INFO: 测试用例:用户名为空-->>执行已通过'
'2019-11-26 12:26:32,473 - [testcases.py-->line:38] - INFO: 测试用例:密码为空-->>执行已通过'
'2019-11-26 12:26:32,517 - [testcases.py-->line:38] - INFO: 测试用例:用户名错误-->>执行已通过'
'2019-11-26 12:26:32,562 - [testcases.py-->line:38] - INFO: 测试用例:密码错误-->>执行已通过'
'2019-11-26 12:26:32,613 - [testcases.py-->line:63] - INFO: 测试用例:注册成功-->>执行已通过'
'2019-11-26 12:26:32,667 - [testcases.py-->line:63] - INFO: 测试用例:用户名为空-->>执行已通过'
'2019-11-26 12:26:32,723 - [testcases.py-->line:63] - INFO: 测试用例:密码为空-->>执行已通过'
'2019-11-26 12:26:32,787 - [testcases.py-->line:63] - INFO: 测试用例:两次密码不一致-->>执行已通过'
'2019-11-26 12:26:32,845 - [testcases.py-->line:63] - INFO: 测试用例:账户已存在-->>执行已通过'
'2019-11-26 12:26:32,900 - [testcases.py-->line:63] - INFO: 测试用例:密码小于6位-->>执行已通过'
'2019-11-26 12:26:32,959 - [testcases.py-->line:63] - INFO: 测试用例:密码大于18位-->>执行已通过'
'2019-11-26 12:26:33,013 - [testcases.py-->line:63] - INFO: 测试用例:用户名小于6位-->>执行已通过'
'2019-11-26 12:26:33,092 - [testcases.py-->line:58] - INFO: 测试用例:用户名大于18位-->>执行未通过'
'2019-11-26 12:26:33,092 - [testcases.py-->line:59] - ERROR: {'code': 0, 'msg': '账号和密码必须在6-18位之间'} != {'code': 1, 'msg': '注册成功'}
- {'code': 0, 'msg': '账号和密码必须在6-18位之间'}
+ {'code': 1, 'msg': '注册成功'}'
'2019-11-26 12:37:07,392 - [testcases.py-->line:38] - INFO: 测试用例:正常登录-->>执行已通过'
'2019-11-26 12:37:07,433 - [testcases.py-->line:38] - INFO: 测试用例:用户名为空-->>执行已通过'
'2019-11-26 12:37:07,474 - [testcases.py-->line:38] - INFO: 测试用例:密码为空-->>执行已通过'
'2019-11-26 12:37:07,515 - [testcases.py-->line:38] - INFO: 测试用例:用户名错误-->>执行已通过'
'2019-11-26 12:37:07,556 - [testcases.py-->line:38] - INFO: 测试用例:密码错误-->>执行已通过'
'2019-11-26 12:37:07,599 - [testcases.py-->line:63] - INFO: 测试用例:注册成功-->>执行已通过'
'2019-11-26 12:37:07,641 - [testcases.py-->line:63] - INFO: 测试用例:用户名为空-->>执行已通过'
'2019-11-26 12:37:07,684 - [testcases.py-->line:63] - INFO: 测试用例:密码为空-->>执行已通过'
'2019-11-26 12:37:07,725 - [testcases.py-->line:63] - INFO: 测试用例:两次密码不一致-->>执行已通过'
'2019-11-26 12:37:07,766 - [testcases.py-->line:63] - INFO: 测试用例:账户已存在-->>执行已通过'
'2019-11-26 12:37:07,809 - [testcases.py-->line:63] - INFO: 测试用例:密码小于6位-->>执行已通过'
'2019-11-26 12:37:07,852 - [testcases.py-->line:63] - INFO: 测试用例:密码大于18位-->>执行已通过'
'2019-11-26 12:37:07,894 - [testcases.py-->line:63] - INFO: 测试用例:用户名小于6位-->>执行已通过'
'2019-11-26 12:37:07,947 - [testcases.py-->line:58] - INFO: 测试用例:用户名大于18位-->>执行未通过'
'2019-11-26 12:37:07,947 - [testcases.py-->line:59] - ERROR: {'code': 0, 'msg': '账号和密码必须在6-18位之间'} != {'code': 1, 'msg': '注册成功'}
- {'code': 0, 'msg': '账号和密码必须在6-18位之间'}
+ {'code': 1, 'msg': '注册成功'}'
